<?xml version="1.0" encoding="UTF-8"?>
<!-- Generated by org.testng.reporters.JUnitXMLReporter -->
<testsuite ignored="0" hostname="LAPTOP-VT2RGTEG" failures="0" tests="3" name="Test" time="7.16" errors="0" timestamp="2025-01-12T01:00:47 IST">
  <testcase classname="api.tests.UserTests" name="testPostUser" time="2.928"/>
  <testcase classname="api.tests.UserTests" name="testGetUserByid" time="1.216"/>
  <testcase classname="api.tests.UserTests" name="testUpdateUserByid" time="2.053"/>
</testsuite> <!-- Test -->
