<?xml version="1.0" encoding="UTF-8"?>
<!-- Generated by org.testng.reporters.JUnitXMLReporter -->
<testsuite ignored="0" hostname="LAPTOP-VT2RGTEG" failures="0" tests="4" name="Test" time="7.477" errors="0" timestamp="2025-01-13T16:29:18 IST">
  <testcase classname="api.tests.UserTests" name="testPostUser" time="2.873"/>
  <testcase classname="api.tests.UserTests" name="testGetUserById" time="1.364"/>
  <testcase classname="api.tests.UserTests" name="testUpdateUserById" time="1.63"/>
  <testcase classname="api.tests.UserTests" name="testDeleteUserById" time="0.788"/>
</testsuite> <!-- Test -->
