<?xml version="1.0" encoding="UTF-8"?>
<!-- Generated by org.testng.reporters.JUnitXMLReporter -->
<testsuite ignored="0" hostname="LAPTOP-VT2RGTEG" failures="0" tests="4" name="User Tests" time="8.884" errors="0" timestamp="2025-01-14T21:36:04 IST">
  <testcase classname="api.tests.UserTests" name="testPostUser" time="3.948"/>
  <testcase classname="api.tests.UserTests" name="testGetUserById" time="1.421"/>
  <testcase classname="api.tests.UserTests" name="testUpdateUserById" time="1.627"/>
  <testcase classname="api.tests.UserTests" name="testDeleteUserById" time="1.125"/>
</testsuite> <!-- User Tests -->
