<?xml version="1.0" encoding="UTF-8"?>
<!-- Generated by org.testng.reporters.JUnitXMLReporter -->
<testsuite ignored="0" hostname="LAPTOP-VT2RGTEG" failures="0" tests="4" name="User Tests" time="8.812" errors="0" timestamp="2025-01-23T09:08:15 IST">
  <testcase classname="api.tests.TestPostUser" name="testPostUser" time="3.81"/>
  <testcase classname="api.tests.TestGetUserById" name="testGetUserById" time="1.46"/>
  <testcase classname="api.tests.TestUpdateUserById" name="testUpdateUserById" time="1.559"/>
  <testcase classname="api.tests.TestDeleteUserById" name="testDeleteUserById" time="1.6"/>
</testsuite> <!-- User Tests -->
