<?xml version="1.0" encoding="UTF-8"?>
<!-- Generated by org.testng.reporters.JUnitXMLReporter -->
<testsuite ignored="0" hostname="LAPTOP-VT2RGTEG" failures="0" tests="4" name="Test" time="7.592" errors="0" timestamp="2025-01-13T10:54:19 IST">
  <testcase classname="api.tests.UserTests" name="testPostUser" time="3.229"/>
  <testcase classname="api.tests.UserTests" name="testGetUserById" time="1.154"/>
  <testcase classname="api.tests.UserTests" name="testUpdateUserById" time="1.1"/>
  <testcase classname="api.tests.UserTests" name="testDeleteUserById" time="1.313"/>
</testsuite> <!-- Test -->
