<?xml version="1.0" encoding="UTF-8"?>
<!-- Generated by org.testng.reporters.JUnitXMLReporter -->
<testsuite ignored="0" hostname="LAPTOP-VT2RGTEG" failures="1" tests="4" name="Test" time="7.719" errors="0" timestamp="2025-01-13T16:26:33 IST">
  <testcase classname="api.tests.UserTests" name="testPostUser" time="3.054">
    <failure type="java.lang.AssertionError" message="POST User - Status Code Validation expected [200] but found [201]">
      <![CDATA[java.lang.AssertionError: POST User - Status Code Validation expected [200] but found [201]
at api.tests.UserTests.testPostUser(UserTests.java:230)
at java.base/java.util.ArrayList.forEach(ArrayList.java:1597)
... Removed 34 stack frames]]>
    </failure>
  </testcase> <!-- testPostUser -->
  <testcase classname="api.tests.UserTests" name="testGetUserById" time="1.224"/>
  <testcase classname="api.tests.UserTests" name="testUpdateUserById" time="1.379"/>
  <testcase classname="api.tests.UserTests" name="testDeleteUserById" time="1.023"/>
</testsuite> <!-- Test -->
