<?xml version="1.0" encoding="UTF-8"?>
<!-- Generated by org.testng.reporters.JUnitXMLReporter -->
<testsuite ignored="0" hostname="LAPTOP-VT2RGTEG" failures="0" tests="4" name="User Tests" time="11.308" errors="0" timestamp="2025-01-23T12:59:54 IST">
  <testcase classname="api.tests.TestPostUser" name="testPostUser" time="4.25"/>
  <testcase classname="api.tests.TestGetUserById" name="testGetUserById" time="1.734"/>
  <testcase classname="api.tests.TestUpdateUserById" name="testUpdateUserById" time="3.045"/>
  <testcase classname="api.tests.TestDeleteUserById" name="testDeleteUserById" time="1.845"/>
</testsuite> <!-- User Tests -->
