<?xml version="1.0" encoding="UTF-8"?>
<testsuite xmlns:xsi="http://www.w3.org/2001/XMLSchema-instance" xsi:noNamespaceSchemaLocation="https://maven.apache.org/surefire/maven-surefire-plugin/xsd/surefire-test-report-3.0.xsd" version="3.0" name="TestSuite" time="8.789" tests="3" errors="0" skipped="0" failures="0">
  <properties>
[...]
</properties>
  <testcase name="testPostUser" classname="api.tests.UserTests" time="3.454">
    <system-out><![CDATA[HTTP/1.1 201 Created
Date: Sun, 12 Jan 2025 03:53:21 GMT
Content-Type: application/json; charset=utf-8
Content-Length: 107
Connection: keep-alive
Cache-Control: max-age=0, private, must-revalidate
etag: W/"f7287ef8018f21a56323521435ec1040"
feature-policy: camera 'none'; gyroscope 'none'; microphone 'none'; usb 'none'; fullscreen 'self'
location: https://gorest.co.in/public/v2/users/7630623
referrer-policy: strict-origin-when-cross-origin
vary: Origin
x-content-type-options: nosniff
x-download-options: noopen
x-frame-options: SAMEORIGIN
x-permitted-cross-domain-policies: none
x-ratelimit-limit: 90
x-ratelimit-remaining: 89
x-ratelimit-reset: 1
x-request-id: a5e1f54b-66a6-4ba6-a26e-f367acc74652
x-runtime: 0.056303
x-xss-protection: 0
cf-cache-status: DYNAMIC
Report-To: {"endpoints":[{"url":"https:\/\/a.nel.cloudflare.com\/report\/v4?s=w7b0IMnucrW4bTdZ9HbL2XcXAvOkVYuxNEFt3CNSPBmFRODiDKkD1fYPo%2B5ypTW5SMSjGDVETfgghpNFYqDJfkKnYYgdiRXTCIVzEkKEqkFqoD5VOnbjmzd5C3k3jBQ%3D"}],"group":"cf-nel","max_age":604800}
NEL: {"success_fraction":0,"report_to":"cf-nel","max_age":604800}
Server: cloudflare
CF-RAY: 900a32f12bf9e1c8-MRS
alt-svc: h3=":443"; ma=86400
server-timing: cfL4;desc="?proto=TCP&rtt=185340&min_rtt=179451&rtt_var=71501&sent=5&recv=6&lost=0&retrans=0&sent_bytes=2692&recv_bytes=1056&delivery_rate=16182&cwnd=251&unsent_bytes=0&cid=81647ee4021a25ef&ts=753&x=0"

{
    "id": 7630623,
    "name": "sharie.hackett",
    "email": "ila.jacobson@gmail.com",
    "gender": "male",
    "status": "inactive"
}
User ID: 7630623
]]></system-out>
    <system-err><![CDATA[SLF4J: Failed to load class "org.slf4j.impl.StaticLoggerBinder".
SLF4J: Defaulting to no-operation (NOP) logger implementation
SLF4J: See http://www.slf4j.org/codes.html#StaticLoggerBinder for further details.
]]></system-err>
  </testcase>
  <testcase name="testGetUserByid" classname="api.tests.UserTests" time="1.169">
    <system-out><![CDATA[HTTP/1.1 200 OK
Date: Sun, 12 Jan 2025 03:53:22 GMT
Content-Type: application/json; charset=utf-8
Transfer-Encoding: chunked
Connection: keep-alive
Cache-Control: max-age=0, private, must-revalidate
etag: W/"f7287ef8018f21a56323521435ec1040"
feature-policy: camera 'none'; gyroscope 'none'; microphone 'none'; usb 'none'; fullscreen 'self'
referrer-policy: strict-origin-when-cross-origin
vary: Origin
x-content-type-options: nosniff
x-download-options: noopen
x-frame-options: SAMEORIGIN
x-permitted-cross-domain-policies: none
x-ratelimit-limit: 90
x-ratelimit-remaining: 89
x-ratelimit-reset: 1
x-request-id: 60241914-8b1b-4e15-92f8-9c5064648697
x-runtime: 0.040834
x-xss-protection: 0
cf-cache-status: DYNAMIC
Report-To: {"endpoints":[{"url":"https:\/\/a.nel.cloudflare.com\/report\/v4?s=y4%2BOuQrtqVejiq%2FqDCU4OUqA53GjCYGwOIOyJwtbcOkXYbM1HusCElHAm1y6eVmow4WvgS45Hz3f3Q1k1hz0M%2B5uba%2FqDXkvLbgjnwlaYyBOcjX%2BWNyzST%2BF3P%2BWCdw%3D"}],"group":"cf-nel","max_age":604800}
NEL: {"success_fraction":0,"report_to":"cf-nel","max_age":604800}
Server: cloudflare
CF-RAY: 900a32fb9e03e1d1-MRS
Content-Encoding: gzip
alt-svc: h3=":443"; ma=86400
server-timing: cfL4;desc="?proto=TCP&rtt=184287&min_rtt=126218&rtt_var=88810&sent=4&recv=6&lost=0&retrans=0&sent_bytes=2692&recv_bytes=852&delivery_rate=23007&cwnd=238&unsent_bytes=0&cid=1dbce9c86e518cea&ts=600&x=0"

{
    "id": 7630623,
    "name": "sharie.hackett",
    "email": "ila.jacobson@gmail.com",
    "gender": "male",
    "status": "inactive"
}
]]></system-out>
  </testcase>
  <testcase name="testUpdateUserByid" classname="api.tests.UserTests" time="1.93">
    <system-out><![CDATA[{
    "email": "napoleon.gottlieb@hotmail.com",
    "name": "sharie.hackett",
    "gender": "male",
    "status": "inactive",
    "id": 7630623
}
]]></system-out>
  </testcase>
</testsuite>