<?xml version="1.0" encoding="UTF-8"?>
<testng-results ignored="0" total="3" passed="3" failed="0" skipped="0">
  <reporter-output>
  </reporter-output>
  <suite started-at="2025-01-12T09:23:18 IST" name="Suite" finished-at="2025-01-12T09:23:25 IST" duration-ms="7518">
    <groups>
    </groups>
    <test started-at="2025-01-12T09:23:18 IST" name="Test" finished-at="2025-01-12T09:23:25 IST" duration-ms="7518">
      <class name="api.tests.UserTests">
        <test-method is-config="true" signature="setupData()[pri:0, instance:api.tests.UserTests@5c5eefef]" started-at="2025-01-12T09:23:18 IST" name="setupData" finished-at="2025-01-12T09:23:19 IST" duration-ms="735" status="PASS">
          <reporter-output>
          </reporter-output>
        </test-method> <!-- setupData -->
        <test-method signature="testPostUser()[pri:1, instance:api.tests.UserTests@5c5eefef]" started-at="2025-01-12T09:23:19 IST" name="testPostUser" finished-at="2025-01-12T09:23:22 IST" duration-ms="3440" status="PASS">
          <reporter-output>
          </reporter-output>
        </test-method> <!-- testPostUser -->
        <test-method signature="testGetUserByid()[pri:2, instance:api.tests.UserTests@5c5eefef]" started-at="2025-01-12T09:23:22 IST" name="testGetUserByid" finished-at="2025-01-12T09:23:23 IST" duration-ms="1154" status="PASS">
          <reporter-output>
          </reporter-output>
        </test-method> <!-- testGetUserByid -->
        <test-method signature="testUpdateUserByid()[pri:3, instance:api.tests.UserTests@5c5eefef]" started-at="2025-01-12T09:23:23 IST" name="testUpdateUserByid" finished-at="2025-01-12T09:23:25 IST" duration-ms="1942" status="PASS">
          <reporter-output>
          </reporter-output>
        </test-method> <!-- testUpdateUserByid -->
      </class> <!-- api.tests.UserTests -->
    </test> <!-- Test -->
  </suite> <!-- Suite -->
</testng-results>
