<?xml version="1.0" encoding="UTF-8"?>
<testng-results ignored="0" total="4" passed="4" failed="0" skipped="0">
  <reporter-output>
  </reporter-output>
  <suite started-at="2025-01-14T21:35:55 IST" name="Suite" finished-at="2025-01-14T21:36:04 IST" duration-ms="8884">
    <groups>
    </groups>
    <test started-at="2025-01-14T21:35:55 IST" name="User Tests" finished-at="2025-01-14T21:36:04 IST" duration-ms="8884">
      <class name="api.tests.UserTests">
        <test-method is-config="true" signature="setupData()[pri:0, instance:api.tests.UserTests@4116aac9]" started-at="2025-01-14T21:35:55 IST" name="setupData" finished-at="2025-01-14T21:35:56 IST" duration-ms="549" status="PASS">
          <reporter-output>
          </reporter-output>
        </test-method> <!-- setupData -->
        <test-method signature="testPostUser()[pri:0, instance:api.tests.UserTests@4116aac9]" started-at="2025-01-14T21:35:56 IST" name="testPostUser" finished-at="2025-01-14T21:36:00 IST" duration-ms="3948" status="PASS">
          <reporter-output>
          </reporter-output>
        </test-method> <!-- testPostUser -->
        <test-method signature="testGetUserById()[pri:0, instance:api.tests.UserTests@4116aac9]" started-at="2025-01-14T21:36:00 IST" name="testGetUserById" finished-at="2025-01-14T21:36:01 IST" duration-ms="1421" status="PASS">
          <reporter-output>
          </reporter-output>
        </test-method> <!-- testGetUserById -->
        <test-method signature="testUpdateUserById()[pri:0, instance:api.tests.UserTests@4116aac9]" started-at="2025-01-14T21:36:01 IST" name="testUpdateUserById" finished-at="2025-01-14T21:36:03 IST" duration-ms="1627" status="PASS">
          <reporter-output>
          </reporter-output>
        </test-method> <!-- testUpdateUserById -->
        <test-method signature="testDeleteUserById()[pri:0, instance:api.tests.UserTests@4116aac9]" started-at="2025-01-14T21:36:03 IST" name="testDeleteUserById" finished-at="2025-01-14T21:36:04 IST" duration-ms="1125" status="PASS">
          <reporter-output>
          </reporter-output>
        </test-method> <!-- testDeleteUserById -->
      </class> <!-- api.tests.UserTests -->
    </test> <!-- User Tests -->
  </suite> <!-- Suite -->
</testng-results>
