<?xml version="1.0" encoding="UTF-8"?>
<testng-results ignored="0" total="3" passed="3" failed="0" skipped="0">
  <reporter-output>
  </reporter-output>
  <suite started-at="2025-01-12T01:00:39 IST" name="Suite" finished-at="2025-01-12T01:00:46 IST" duration-ms="7160">
    <groups>
    </groups>
    <test started-at="2025-01-12T01:00:39 IST" name="Test" finished-at="2025-01-12T01:00:46 IST" duration-ms="7160">
      <class name="api.tests.UserTests">
        <test-method is-config="true" signature="setupData()[pri:0, instance:api.tests.UserTests@233795b6]" started-at="2025-01-12T01:00:39 IST" name="setupData" finished-at="2025-01-12T01:00:40 IST" duration-ms="679" status="PASS">
          <reporter-output>
          </reporter-output>
        </test-method> <!-- setupData -->
        <test-method signature="testPostUser()[pri:1, instance:api.tests.UserTests@233795b6]" started-at="2025-01-12T01:00:40 IST" name="testPostUser" finished-at="2025-01-12T01:00:43 IST" duration-ms="2928" status="PASS">
          <reporter-output>
          </reporter-output>
        </test-method> <!-- testPostUser -->
        <test-method signature="testGetUserByid()[pri:2, instance:api.tests.UserTests@233795b6]" started-at="2025-01-12T01:00:43 IST" name="testGetUserByid" finished-at="2025-01-12T01:00:44 IST" duration-ms="1216" status="PASS">
          <reporter-output>
          </reporter-output>
        </test-method> <!-- testGetUserByid -->
        <test-method signature="testUpdateUserByid()[pri:3, instance:api.tests.UserTests@233795b6]" started-at="2025-01-12T01:00:44 IST" name="testUpdateUserByid" finished-at="2025-01-12T01:00:46 IST" duration-ms="2053" status="PASS">
          <reporter-output>
          </reporter-output>
        </test-method> <!-- testUpdateUserByid -->
      </class> <!-- api.tests.UserTests -->
    </test> <!-- Test -->
  </suite> <!-- Suite -->
</testng-results>
